2017-08-05 13:16:11,245 [Worker-14] INFO  o.e.m.c.i.l.LifecycleMappingFactory - Using org.eclipse.m2e.jdt.JarLifecycleMapping lifecycle mapping for MavenProject: edu.neeraj-spring:CRUD:0.0.1-SNAPSHOT @ /home/neeraj/git/AssociationMappingExample/pom.xml.
2017-08-05 13:16:33,123 [Worker-14] INFO  o.e.m.c.i.embedder.EclipseLogger - Using 'UTF-8' encoding to copy filtered resources.
2017-08-05 13:16:33,189 [Worker-14] INFO  o.e.m.c.i.embedder.EclipseLogger - Copying 1 resource
2017-08-05 13:16:33,254 [Worker-14] INFO  o.e.m.c.i.embedder.EclipseLogger - Copying 0 resource
2017-08-05 13:16:33,259 [Worker-14] INFO  o.e.m.c.i.embedder.EclipseLogger - Using 'UTF-8' encoding to copy filtered resources.
2017-08-05 13:16:33,300 [Worker-14] INFO  o.e.m.c.i.embedder.EclipseLogger - skip non existing resourceDirectory /home/neeraj/git/AssociationMappingExample/src/test/resources
2017-08-05 13:16:56,450 [Worker-17] INFO  o.e.m.c.i.l.LifecycleMappingFactory - Using org.eclipse.m2e.jdt.JarLifecycleMapping lifecycle mapping for MavenProject: edu.neeraj-spring:CRUD:0.0.1-SNAPSHOT @ /home/neeraj/git/AssociationMappingExampleRestAPI/pom.xml.
2017-08-05 13:16:59,457 [Worker-17] INFO  o.e.m.c.i.embedder.EclipseLogger - Using 'UTF-8' encoding to copy filtered resources.
2017-08-05 13:16:59,458 [Worker-17] INFO  o.e.m.c.i.embedder.EclipseLogger - Copying 1 resource
2017-08-05 13:16:59,490 [Worker-17] INFO  o.e.m.c.i.embedder.EclipseLogger - Copying 0 resource
2017-08-05 13:16:59,521 [Worker-17] INFO  o.e.m.c.i.embedder.EclipseLogger - Using 'UTF-8' encoding to copy filtered resources.
2017-08-05 13:16:59,522 [Worker-17] INFO  o.e.m.c.i.embedder.EclipseLogger - skip non existing resourceDirectory /home/neeraj/git/AssociationMappingExampleRestAPI/src/test/resources
2017-08-05 13:17:00,330 [Worker-14] INFO  o.e.m.c.i.l.LifecycleMappingFactory - Using org.eclipse.m2e.jdt.JarLifecycleMapping lifecycle mapping for MavenProject: edu.neeraj-spring:CRUD:0.0.1-SNAPSHOT @ /home/neeraj/git/AssociationMappingExampleRestAPI/pom.xml.
2017-08-05 13:17:21,763 [Worker-9] INFO  o.e.m.c.i.embedder.EclipseLogger - Using 'UTF-8' encoding to copy filtered resources.
2017-08-05 13:17:21,792 [Worker-9] INFO  o.e.m.c.i.embedder.EclipseLogger - Copying 1 resource
2017-08-05 13:17:21,806 [Worker-9] INFO  o.e.m.c.i.embedder.EclipseLogger - Copying 0 resource
2017-08-05 13:17:21,809 [Worker-9] INFO  o.e.m.c.i.embedder.EclipseLogger - Using 'UTF-8' encoding to copy filtered resources.
2017-08-05 13:17:21,809 [Worker-9] INFO  o.e.m.c.i.embedder.EclipseLogger - skip non existing resourceDirectory /home/neeraj/git/AssociationMappingExampleRestAPI/src/test/resources
2017-08-05 13:17:32,554 [Worker-8] INFO  o.e.m.c.i.l.LifecycleMappingFactory - Using org.eclipse.m2e.jdt.JarLifecycleMapping lifecycle mapping for MavenProject: edu.neeraj-spring:CRUD:0.0.1-SNAPSHOT @ /home/neeraj/git/AssociationMappingExample/pom.xml.
2017-08-05 13:17:33,265 [Worker-8] INFO  o.e.m.c.i.embedder.EclipseLogger - Using 'UTF-8' encoding to copy filtered resources.
2017-08-05 13:17:33,265 [Worker-8] INFO  o.e.m.c.i.embedder.EclipseLogger - Copying 1 resource
2017-08-05 13:17:33,266 [Worker-8] INFO  o.e.m.c.i.embedder.EclipseLogger - Copying 0 resource
2017-08-05 13:17:33,269 [Worker-8] INFO  o.e.m.c.i.embedder.EclipseLogger - Using 'UTF-8' encoding to copy filtered resources.
2017-08-05 13:17:33,269 [Worker-8] INFO  o.e.m.c.i.embedder.EclipseLogger - skip non existing resourceDirectory /home/neeraj/git/AssociationMappingExample/src/test/resources
2017-08-05 13:17:33,761 [Worker-11] INFO  o.e.m.c.i.l.LifecycleMappingFactory - Using org.eclipse.m2e.jdt.JarLifecycleMapping lifecycle mapping for MavenProject: edu.neeraj-spring:CRUD:0.0.1-SNAPSHOT @ /home/neeraj/git/AssociationMappingExample/pom.xml.
2017-08-05 13:17:34,852 [Worker-15] INFO  o.e.m.c.i.embedder.EclipseLogger - Using 'UTF-8' encoding to copy filtered resources.
2017-08-05 13:17:34,852 [Worker-15] INFO  o.e.m.c.i.embedder.EclipseLogger - Copying 0 resource
2017-08-05 13:17:34,852 [Worker-15] INFO  o.e.m.c.i.embedder.EclipseLogger - Copying 0 resource
2017-08-05 13:17:34,855 [Worker-15] INFO  o.e.m.c.i.embedder.EclipseLogger - Using 'UTF-8' encoding to copy filtered resources.
2017-08-05 13:17:34,855 [Worker-15] INFO  o.e.m.c.i.embedder.EclipseLogger - skip non existing resourceDirectory /home/neeraj/git/AssociationMappingExample/src/test/resources
